<?xml version="1.0" encoding="UTF-8"?>
<testng-results skipped="0" failed="1" ignored="0" total="2" passed="1">
  <reporter-output>
  </reporter-output>
  <suite name="Suite1" duration-ms="21240" started-at="2020-03-22T14:50:06Z" finished-at="2020-03-22T14:50:27Z">
    <groups>
    </groups>
    <test name="TestNgSmoke" duration-ms="21240" started-at="2020-03-22T14:50:06Z" finished-at="2020-03-22T14:50:27Z">
      <class name="com.manmohan.TestNgSelenium.HomeTest">
        <test-method status="PASS" signature="initialSetup()[pri:0, instance:com.manmohan.TestNgSelenium.HomeTest@1bce4f0a]" name="initialSetup" is-config="true" duration-ms="129" started-at="2020-03-22T14:50:06Z" finished-at="2020-03-22T14:50:06Z">
          <reporter-output>
          </reporter-output>
        </test-method> <!-- initialSetup -->
        <test-method status="PASS" signature="beforeMethod()[pri:0, instance:com.manmohan.TestNgSelenium.HomeTest@1bce4f0a]" name="beforeMethod" is-config="true" duration-ms="0" started-at="2020-03-22T14:50:06Z" finished-at="2020-03-22T14:50:06Z">
          <reporter-output>
          </reporter-output>
        </test-method> <!-- beforeMethod -->
        <test-method status="PASS" signature="beforemethod(java.lang.reflect.Method, java.lang.String)[pri:0, instance:com.manmohan.TestNgSelenium.HomeTest@1bce4f0a]" name="beforemethod" is-config="true" duration-ms="3913" started-at="2020-03-22T14:50:06Z" finished-at="2020-03-22T14:50:10Z">
          <params>
            <param index="0">
              <value>
                <![CDATA[public void com.manmohan.TestNgSelenium.HomeTest.test1() throws java.io.IOException]]>
              </value>
            </param>
            <param index="1">
              <value>
                <![CDATA[chrome]]>
              </value>
            </param>
          </params>
          <reporter-output>
          </reporter-output>
        </test-method> <!-- beforemethod -->
        <test-method status="PASS" signature="test1()[pri:0, instance:com.manmohan.TestNgSelenium.HomeTest@1bce4f0a]" name="test1" duration-ms="2732" started-at="2020-03-22T14:50:10Z" finished-at="2020-03-22T14:50:13Z">
          <reporter-output>
          </reporter-output>
        </test-method> <!-- test1 -->
        <test-method status="PASS" signature="logout(org.testng.ITestResult)[pri:0, instance:com.manmohan.TestNgSelenium.HomeTest@1bce4f0a]" name="logout" is-config="true" duration-ms="3183" started-at="2020-03-22T14:50:13Z" finished-at="2020-03-22T14:50:16Z">
          <params>
            <param index="0">
              <value>
                <![CDATA[[TestResult name=test1 status=SUCCESS method=HomeTest.test1()[pri:0, instance:com.manmohan.TestNgSelenium.HomeTest@1bce4f0a] output={null}]]]>
              </value>
            </param>
          </params>
          <reporter-output>
          </reporter-output>
        </test-method> <!-- logout -->
        <test-method status="PASS" signature="beforemethod(java.lang.reflect.Method, java.lang.String)[pri:0, instance:com.manmohan.TestNgSelenium.HomeTest@1bce4f0a]" name="beforemethod" is-config="true" duration-ms="2465" started-at="2020-03-22T14:50:16Z" finished-at="2020-03-22T14:50:18Z">
          <params>
            <param index="0">
              <value>
                <![CDATA[public void com.manmohan.TestNgSelenium.HomeTest.test2() throws java.io.IOException]]>
              </value>
            </param>
            <param index="1">
              <value>
                <![CDATA[chrome]]>
              </value>
            </param>
          </params>
          <reporter-output>
          </reporter-output>
        </test-method> <!-- beforemethod -->
        <test-method status="FAIL" signature="test2()[pri:0, instance:com.manmohan.TestNgSelenium.HomeTest@1bce4f0a]" name="test2" duration-ms="5689" started-at="2020-03-22T14:50:18Z" finished-at="2020-03-22T14:50:24Z">
          <exception class="java.lang.AssertionError">
            <message>
              <![CDATA[the tile of the page is not matching expected [Online Shopping Site for Mobiles, Electronics, Furniture, Grocery, Lifestyle, Books & More. Best Offers!] but found [Yahoo India]]]>
            </message>
            <full-stacktrace>
              <![CDATA[java.lang.AssertionError: the tile of the page is not matching expected [Online Shopping Site for Mobiles, Electronics, Furniture, Grocery, Lifestyle, Books & More. Best Offers!] but found [Yahoo India]
at org.testng.Assert.fail(Assert.java:96)
at org.testng.Assert.failNotEquals(Assert.java:776)
at org.testng.Assert.assertEqualsImpl(Assert.java:137)
at org.testng.Assert.assertEquals(Assert.java:118)
at org.testng.Assert.assertEquals(Assert.java:453)
at com.manmohan.TestNgSelenium.LoginPOM.validatetitleYahoo(LoginPOM.java:17)
at com.manmohan.TestNgSelenium.HomeTest.test2(HomeTest.java:40)
at sun.reflect.NativeMethodAccessorImpl.invoke0(Native Method)
at sun.reflect.NativeMethodAccessorImpl.invoke(NativeMethodAccessorImpl.java:62)
at sun.reflect.DelegatingMethodAccessorImpl.invoke(DelegatingMethodAccessorImpl.java:43)
at java.lang.reflect.Method.invoke(Method.java:498)
at org.testng.internal.MethodInvocationHelper.invokeMethod(MethodInvocationHelper.java:124)
at org.testng.internal.Invoker.invokeMethod(Invoker.java:583)
at org.testng.internal.Invoker.invokeTestMethod(Invoker.java:719)
at org.testng.internal.Invoker.invokeTestMethods(Invoker.java:989)
at org.testng.internal.TestMethodWorker.invokeTestMethods(TestMethodWorker.java:125)
at org.testng.internal.TestMethodWorker.run(TestMethodWorker.java:109)
at org.testng.TestRunner.privateRun(TestRunner.java:648)
at org.testng.TestRunner.run(TestRunner.java:505)
at org.testng.SuiteRunner.runTest(SuiteRunner.java:455)
at org.testng.SuiteRunner.runSequentially(SuiteRunner.java:450)
at org.testng.SuiteRunner.privateRun(SuiteRunner.java:415)
at org.testng.SuiteRunner.run(SuiteRunner.java:364)
at org.testng.SuiteRunnerWorker.runSuite(SuiteRunnerWorker.java:52)
at org.testng.SuiteRunnerWorker.run(SuiteRunnerWorker.java:84)
at org.testng.TestNG.runSuitesSequentially(TestNG.java:1208)
at org.testng.TestNG.runSuitesLocally(TestNG.java:1137)
at org.testng.TestNG.runSuites(TestNG.java:1049)
at org.testng.TestNG.run(TestNG.java:1017)
at org.testng.remote.AbstractRemoteTestNG.run(AbstractRemoteTestNG.java:132)
at org.testng.remote.RemoteTestNG.initAndRun(RemoteTestNG.java:230)
at org.testng.remote.RemoteTestNG.main(RemoteTestNG.java:76)
]]>
            </full-stacktrace>
          </exception> <!-- java.lang.AssertionError -->
          <reporter-output>
          </reporter-output>
        </test-method> <!-- test2 -->
        <test-method status="PASS" signature="logout(org.testng.ITestResult)[pri:0, instance:com.manmohan.TestNgSelenium.HomeTest@1bce4f0a]" name="logout" is-config="true" duration-ms="3237" started-at="2020-03-22T14:50:24Z" finished-at="2020-03-22T14:50:27Z">
          <params>
            <param index="0">
              <value>
                <![CDATA[[TestResult name=test2 status=FAILURE method=HomeTest.test2()[pri:0, instance:com.manmohan.TestNgSelenium.HomeTest@1bce4f0a] output={null}]]]>
              </value>
            </param>
          </params>
          <reporter-output>
          </reporter-output>
        </test-method> <!-- logout -->
        <test-method status="PASS" signature="aftermethod()[pri:0, instance:com.manmohan.TestNgSelenium.HomeTest@1bce4f0a]" name="aftermethod" is-config="true" duration-ms="1" started-at="2020-03-22T14:50:27Z" finished-at="2020-03-22T14:50:27Z">
          <reporter-output>
          </reporter-output>
        </test-method> <!-- aftermethod -->
        <test-method status="PASS" signature="close()[pri:0, instance:com.manmohan.TestNgSelenium.HomeTest@1bce4f0a]" name="close" is-config="true" duration-ms="318" started-at="2020-03-22T14:50:27Z" finished-at="2020-03-22T14:50:28Z">
          <reporter-output>
          </reporter-output>
        </test-method> <!-- close -->
      </class> <!-- com.manmohan.TestNgSelenium.HomeTest -->
    </test> <!-- TestNgSmoke -->
  </suite> <!-- Suite1 -->
</testng-results>
